-------------------------------------------------------------------------------
Test set: eu.christineroels.foodrecipesrest.FoodRecipesRestApplicationTests
-------------------------------------------------------------------------------
Tests run: 1, Failures: 0, Errors: 1, Skipped: 0, Time elapsed: 5.883 s <<< FAILURE! - in eu.christineroels.foodrecipesrest.FoodRecipesRestApplicationTests
eu.christineroels.foodrecipesrest.FoodRecipesRestApplicationTests.contextLoads  Time elapsed: 0 s  <<< ERROR!
java.lang.IllegalStateException: Failed to load ApplicationContext
Caused by: org.springframework.beans.factory.UnsatisfiedDependencyException: Error creating bean with name 'recipeServiceImpl' defined in file [C:\Users\Christine Roels\IdeaProjects\food-recipes-rest\target\classes\eu\christineroels\foodrecipesrest\services\RecipeServiceImpl.class]: Unsatisfied dependency expressed through constructor parameter 0; nested exception is org.springframework.beans.factory.BeanCreationException: Error creating bean with name 'recipeRepository' defined in eu.christineroels.foodrecipesrest.service.repositories.RecipeRepository defined in @EnableJpaRepositories declared on JpaRepositoriesRegistrar.EnableJpaRepositoriesConfiguration: Invocation of init method failed; nested exception is java.lang.IllegalArgumentException: Failed to create query for method public abstract org.springframework.data.domain.Page eu.christineroels.foodrecipesrest.service.repositories.RecipeRepository.findAllByIngredient(java.lang.String,org.springframework.data.domain.PageRequest)! No property ingredient found for type Recipe!
Caused by: org.springframework.beans.factory.BeanCreationException: Error creating bean with name 'recipeRepository' defined in eu.christineroels.foodrecipesrest.service.repositories.RecipeRepository defined in @EnableJpaRepositories declared on JpaRepositoriesRegistrar.EnableJpaRepositoriesConfiguration: Invocation of init method failed; nested exception is java.lang.IllegalArgumentException: Failed to create query for method public abstract org.springframework.data.domain.Page eu.christineroels.foodrecipesrest.service.repositories.RecipeRepository.findAllByIngredient(java.lang.String,org.springframework.data.domain.PageRequest)! No property ingredient found for type Recipe!
Caused by: java.lang.IllegalArgumentException: Failed to create query for method public abstract org.springframework.data.domain.Page eu.christineroels.foodrecipesrest.service.repositories.RecipeRepository.findAllByIngredient(java.lang.String,org.springframework.data.domain.PageRequest)! No property ingredient found for type Recipe!
Caused by: org.springframework.data.mapping.PropertyReferenceException: No property ingredient found for type Recipe!

